<?xml version="1.0" encoding="UTF-8"?>
<!-- Generated by org.testng.reporters.JUnitReportReporter -->
<testsuite name="com.NewProject.testScript.LoginTest" tests="1" time="6.680" ignored="2" failures="0" timestamp="09 Jul 2020 08:00:18 GMT" skipped="0" hostname="LAPTOP-1RVL5N9E" errors="0">
  <testcase name="testValidLogin" time="6.680" classname="com.NewProject.testScript.LoginTest"/>
  <testcase name="beforeMethod" classname="com.NewProject.testBase.TestBase">
    <skipped/>
  </testcase> <!-- beforeMethod -->
  <testcase name="beforeSuite" classname="com.NewProject.testBase.TestBase">
    <skipped/>
  </testcase> <!-- beforeSuite -->
</testsuite> <!-- com.NewProject.testScript.LoginTest -->
