<?xml version="1.0" encoding="UTF-8"?>
<!-- Generated by org.testng.reporters.JUnitReportReporter -->
<testsuite name="com.NewProject.testScript.LoginTest" tests="1" time="8.317" ignored="0" failures="0" timestamp="08 Jul 2020 14:08:40 GMT" skipped="0" hostname="LAPTOP-1RVL5N9E" errors="0">
  <testcase name="testValidLogin" time="8.317" classname="com.NewProject.testScript.LoginTest"/>
</testsuite> <!-- com.NewProject.testScript.LoginTest -->
