<?xml version="1.0" encoding="UTF-8"?>
<!-- Generated by org.testng.reporters.JUnitReportReporter -->
<testsuite name="com.NewProject.testScript.TillPaymentPage" tests="1" time="16.233" ignored="2" failures="0" timestamp="09 Jul 2020 08:00:18 GMT" skipped="0" hostname="LAPTOP-1RVL5N9E" errors="0">
  <testcase name="testTillPaymentPage" time="16.233" classname="com.NewProject.testScript.TillPaymentPage"/>
  <testcase name="beforeMethod" classname="com.NewProject.testBase.TestBase">
    <skipped/>
  </testcase> <!-- beforeMethod -->
  <testcase name="beforeSuite" classname="com.NewProject.testBase.TestBase">
    <skipped/>
  </testcase> <!-- beforeSuite -->
</testsuite> <!-- com.NewProject.testScript.TillPaymentPage -->
