<?xml version="1.0" encoding="UTF-8"?>
<!-- Generated by org.testng.reporters.JUnitReportReporter -->
<testsuite name="com.NewProject.testScript.RegistrationTest" tests="1" time="12.902" ignored="0" failures="0" timestamp="08 Jul 2020 09:09:26 GMT" skipped="0" hostname="LAPTOP-1RVL5N9E" errors="0">
  <testcase name="testRegistration" time="12.902" classname="com.NewProject.testScript.RegistrationTest"/>
</testsuite> <!-- com.NewProject.testScript.RegistrationTest -->
